<?xml version="1.0" encoding="UTF-8"?>
<testsuite name="AppTest" tests="6" skipped="0" failures="0" errors="0" timestamp="2018-03-03T15:15:46" hostname="DESKTOP-DBG9AQ3" time="0.06">
  <properties/>
  <testcase name="testSmallNoPrime" classname="AppTest" time="0.006"/>
  <testcase name="testSmallPrime" classname="AppTest" time="0.0"/>
  <testcase name="testLargeNoPrime" classname="AppTest" time="0.0"/>
  <testcase name="testLargePrime" classname="AppTest" time="0.005"/>
  <testcase name="oneNotPrime" classname="AppTest" time="0.046"/>
  <testcase name="onePrime" classname="AppTest" time="0.0"/>
  <system-out><![CDATA[]]></system-out>
  <system-err><![CDATA[]]></system-err>
</testsuite>
