<?xml version="1.0" encoding="UTF-8"?>
<testsuite name="AppTest" tests="5" skipped="0" failures="0" errors="0" timestamp="2018-03-03T15:25:29" hostname="DESKTOP-DBG9AQ3" time="0.045">
  <properties/>
  <testcase name="testSmallNoPrime" classname="AppTest" time="0.002"/>
  <testcase name="testSmallPrime" classname="AppTest" time="0.0"/>
  <testcase name="testLargeNoPrime" classname="AppTest" time="0.0"/>
  <testcase name="testLargePrime" classname="AppTest" time="0.004"/>
  <testcase name="morePrime" classname="AppTest" time="0.037"/>
  <system-out><![CDATA[]]></system-out>
  <system-err><![CDATA[]]></system-err>
</testsuite>
