<?xml version="1.0" encoding="UTF-8"?>
<<<<<<< HEAD
<testsuite name="AppTest" tests="6" skipped="0" failures="0" errors="0" timestamp="2018-03-03T15:41:57" hostname="DESKTOP-DBG9AQ3" time="0.048">
=======
<testsuite name="AppTest" tests="5" skipped="0" failures="0" errors="0" timestamp="2018-03-03T15:25:29" hostname="DESKTOP-DBG9AQ3" time="0.045">
>>>>>>> Feature3
  <properties/>
  <testcase name="testSmallNoPrime" classname="AppTest" time="0.002"/>
  <testcase name="testSmallPrime" classname="AppTest" time="0.0"/>
  <testcase name="testLargeNoPrime" classname="AppTest" time="0.0"/>
  <testcase name="testLargePrime" classname="AppTest" time="0.004"/>
<<<<<<< HEAD
  <testcase name="oneNotPrime" classname="AppTest" time="0.04"/>
  <testcase name="onePrime" classname="AppTest" time="0.0"/>
=======
  <testcase name="morePrime" classname="AppTest" time="0.037"/>
>>>>>>> Feature3
  <system-out><![CDATA[]]></system-out>
  <system-err><![CDATA[]]></system-err>
</testsuite>
